<?xml version="1.0" encoding="UTF-8"?>
<!-- Generated by org.testng.reporters.JUnitReportReporter -->
<testsuite skipped="0" hostname="DESKTOP-6IDIIBT" name="dataDrivenTesting.CreateMultipleProjectWithDiffData" tests="2" failures="0" timestamp="21 Apr 2022 09:29:39 GMT" time="4.923" errors="0">
  <testcase name="createProject" time="0.187" classname="dataDrivenTesting.CreateMultipleProjectWithDiffData"/>
  <testcase name="createProject" time="4.736" classname="dataDrivenTesting.CreateMultipleProjectWithDiffData"/>
</testsuite> <!-- dataDrivenTesting.CreateMultipleProjectWithDiffData -->
