<?xml version="1.0" encoding="UTF-8"?>
<!-- Generated by org.testng.reporters.JUnitReportReporter -->
<testsuite hostname="DESKTOP-6IDIIBT" name="CrudOperationWithoutBDD.GetOneProjectUsingPathParameter" tests="1" failures="0" timestamp="19 Apr 2022 12:24:50 GMT" time="5.660" errors="0">
  <testcase name="getRepoTest" time="5.660" classname="CrudOperationWithoutBDD.GetOneProjectUsingPathParameter"/>
</testsuite> <!-- CrudOperationWithoutBDD.GetOneProjectUsingPathParameter -->
