<?xml version="1.0" encoding="UTF-8"?>
<!-- Generated by org.testng.reporters.JUnitReportReporter -->
<testsuite skipped="0" hostname="DESKTOP-6IDIIBT" name="CrudOperationWithoutBDD.UpdateProjectsTest" tests="1" failures="0" timestamp="20 Apr 2022 07:38:20 GMT" time="4.590" errors="0">
  <testcase name="updateProjectTest" time="4.590" classname="CrudOperationWithoutBDD.UpdateProjectsTest"/>
</testsuite> <!-- CrudOperationWithoutBDD.UpdateProjectsTest -->
