<?xml version="1.0" encoding="UTF-8"?>
<!-- Generated by org.testng.reporters.JUnitReportReporter -->
<testsuite skipped="0" hostname="DESKTOP-6IDIIBT" name="parameters.PathParameter" tests="1" failures="0" timestamp="21 Apr 2022 08:19:40 GMT" time="4.809" errors="0">
  <testcase name="getSingleProject" time="4.809" classname="parameters.PathParameter"/>
</testsuite> <!-- parameters.PathParameter -->
