<?xml version="1.0" encoding="UTF-8"?>
<!-- Generated by org.testng.reporters.JUnitReportReporter -->
<testsuite skipped="0" hostname="DESKTOP-6IDIIBT" name="CrudOperationWithoutBDD.DeleteProjectTest" tests="1" failures="0" timestamp="20 Apr 2022 07:40:40 GMT" time="3.890" errors="0">
  <testcase name="deleteProject" time="3.890" classname="CrudOperationWithoutBDD.DeleteProjectTest"/>
</testsuite> <!-- CrudOperationWithoutBDD.DeleteProjectTest -->
