<?xml version="1.0" encoding="UTF-8"?>
<!-- Generated by org.testng.reporters.JUnitReportReporter -->
<testsuite skipped="0" hostname="DESKTOP-6IDIIBT" name="parameters.FormParameter" tests="1" failures="0" timestamp="21 Apr 2022 08:29:08 GMT" time="4.162" errors="0">
  <testcase name="formParameter" time="4.162" classname="parameters.FormParameter"/>
</testsuite> <!-- parameters.FormParameter -->
