<?xml version="1.0" encoding="UTF-8"?>
<!-- Generated by org.testng.reporters.JUnitReportReporter -->
<testsuite skipped="0" hostname="DESKTOP-6IDIIBT" name="authentications.BasicAuth" tests="3" failures="0" timestamp="21 Apr 2022 10:41:43 GMT" time="4.435" errors="0">
  <testcase name="basicDigestiveAuth" time="0.250" classname="authentications.BasicAuth"/>
  <testcase name="basicAuth" time="3.904" classname="authentications.BasicAuth"/>
  <testcase name="basicPreEmptiveAuth" time="0.281" classname="authentications.BasicAuth"/>
</testsuite> <!-- authentications.BasicAuth -->
