<?xml version="1.0" encoding="UTF-8"?>
<!-- Generated by org.testng.reporters.JUnitReportReporter -->
<testsuite skipped="0" hostname="DESKTOP-6IDIIBT" name="authentications.Oauth2_0" tests="1" failures="0" timestamp="21 Apr 2022 12:23:10 GMT" time="11.814" errors="0">
  <testcase name="oauth" time="11.814" classname="authentications.Oauth2_0"/>
</testsuite> <!-- authentications.Oauth2_0 -->
