<?xml version="1.0" encoding="UTF-8"?>
<!-- Generated by org.testng.reporters.JUnitReportReporter -->
<testsuite skipped="0" hostname="DESKTOP-6IDIIBT" name="rmgyantraTestsWithFrameWork.CreateProjectAndVerifyInDataBase" tests="1" failures="0" timestamp="22 Apr 2022 08:03:28 GMT" time="8.643" errors="0">
  <testcase name="createProjectVerifyInDb" time="8.643" classname="rmgyantraTestsWithFrameWork.CreateProjectAndVerifyInDataBase"/>
</testsuite> <!-- rmgyantraTestsWithFrameWork.CreateProjectAndVerifyInDataBase -->
