<?xml version="1.0" encoding="UTF-8"?>
<!-- Generated by org.testng.reporters.JUnitReportReporter -->
<testsuite skipped="0" hostname="DESKTOP-6IDIIBT" name="CrudOperationWidBDD.DeleteProjectTest" tests="1" failures="0" timestamp="20 Apr 2022 08:37:10 GMT" time="3.815" errors="0">
  <testcase name="deleteProjectTest" time="3.815" classname="CrudOperationWidBDD.DeleteProjectTest"/>
</testsuite> <!-- CrudOperationWidBDD.DeleteProjectTest -->
