<?xml version="1.0" encoding="UTF-8"?>
<!-- Generated by org.testng.reporters.JUnitReportReporter -->
<testsuite skipped="0" hostname="DESKTOP-6IDIIBT" name="authentications.BarerToken" tests="1" failures="0" timestamp="21 Apr 2022 10:53:26 GMT" time="6.297" errors="0">
  <testcase name="barerToken" time="6.297" classname="authentications.BarerToken"/>
</testsuite> <!-- authentications.BarerToken -->
