<?xml version="1.0" encoding="UTF-8"?>
<!-- Generated by org.testng.reporters.JUnitReportReporter -->
<testsuite skipped="0" hostname="DESKTOP-6IDIIBT" name="differentWaysToPOST.CreateProjectUsingHashMap" tests="1" failures="0" timestamp="20 Apr 2022 10:51:52 GMT" time="4.148" errors="0">
  <testcase name="createProjectTest" time="4.148" classname="differentWaysToPOST.CreateProjectUsingHashMap"/>
</testsuite> <!-- differentWaysToPOST.CreateProjectUsingHashMap -->
