<?xml version="1.0" encoding="UTF-8"?>
<!-- Generated by org.testng.reporters.JUnitReportReporter -->
<testsuite skipped="0" hostname="DESKTOP-6IDIIBT" name="differentWaysToPOST.CreateProjectUsingJSONFile" tests="1" failures="0" timestamp="20 Apr 2022 10:57:48 GMT" time="4.108" errors="0">
  <testcase name="createProject" time="4.108" classname="differentWaysToPOST.CreateProjectUsingJSONFile"/>
</testsuite> <!-- differentWaysToPOST.CreateProjectUsingJSONFile -->
