<?xml version="1.0" encoding="UTF-8"?>
<!-- Generated by org.testng.reporters.JUnitReportReporter -->
<testsuite skipped="0" hostname="DESKTOP-6IDIIBT" name="responseValidation.ResponseTimeValidation" tests="1" failures="0" timestamp="21 Apr 2022 07:07:35 GMT" time="3.844" errors="0">
  <testcase name="responseValidation" time="3.844" classname="responseValidation.ResponseTimeValidation"/>
</testsuite> <!-- responseValidation.ResponseTimeValidation -->
