<?xml version="1.0" encoding="UTF-8"?>
<!-- Generated by org.testng.reporters.JUnitReportReporter -->
<testsuite skipped="0" hostname="DESKTOP-6IDIIBT" name="CrudOperationWithoutBDD.GetAllProjectsTest" tests="1" failures="0" timestamp="20 Apr 2022 07:24:36 GMT" time="4.192" errors="0">
  <testcase name="getAllProjectTest" time="4.192" classname="CrudOperationWithoutBDD.GetAllProjectsTest"/>
</testsuite> <!-- CrudOperationWithoutBDD.GetAllProjectsTest -->
