<?xml version="1.0" encoding="UTF-8"?>
<!-- Generated by org.testng.reporters.JUnitReportReporter -->
<testsuite skipped="0" hostname="DESKTOP-6IDIIBT" name="CrudOperationWidBDD.GetAllProjectTest" tests="1" failures="0" timestamp="21 Apr 2022 08:17:38 GMT" time="3.815" errors="0">
  <testcase name="getAllProjectTest" time="3.815" classname="CrudOperationWidBDD.GetAllProjectTest"/>
</testsuite> <!-- CrudOperationWidBDD.GetAllProjectTest -->
