<?xml version="1.0" encoding="UTF-8"?>
<!-- Generated by org.testng.reporters.JUnitReportReporter -->
<testsuite skipped="0" hostname="DESKTOP-6IDIIBT" name="CrudOperationWithoutBDD.CreateProjectTest" tests="1" failures="0" timestamp="21 Apr 2022 06:01:47 GMT" time="10.625" errors="0">
  <testcase name="createProjectTest" time="10.625" classname="CrudOperationWithoutBDD.CreateProjectTest"/>
</testsuite> <!-- CrudOperationWithoutBDD.CreateProjectTest -->
