<?xml version="1.0" encoding="UTF-8"?>
<!-- Generated by org.testng.reporters.JUnitReportReporter -->
<testsuite skipped="0" hostname="DESKTOP-6IDIIBT" name="parameters.ParameterTestForGit" tests="1" failures="0" timestamp="21 Apr 2022 10:25:57 GMT" time="11.534" errors="0">
  <testcase name="parameterTest" time="11.534" classname="parameters.ParameterTestForGit"/>
</testsuite> <!-- parameters.ParameterTestForGit -->
