<?xml version="1.0" encoding="UTF-8"?>
<!-- Generated by org.testng.reporters.JUnitReportReporter -->
<testsuite hostname="DESKTOP-6IDIIBT" name="CrudOperationWithoutBDD.SampleProjectTest" tests="1" failures="0" timestamp="19 Apr 2022 11:29:02 GMT" time="5.337" errors="0">
  <testcase name="getAllProjectTest" time="5.337" classname="CrudOperationWithoutBDD.SampleProjectTest"/>
</testsuite> <!-- CrudOperationWithoutBDD.SampleProjectTest -->
