<?xml version="1.0" encoding="UTF-8"?>
<!-- Generated by org.testng.reporters.JUnitReportReporter -->
<testsuite skipped="0" hostname="DESKTOP-6IDIIBT" name="responseValidation.StaticResponseValidation" tests="1" failures="0" timestamp="21 Apr 2022 06:07:46 GMT" time="5.210" errors="0">
  <testcase name="staticResponse" time="5.210" classname="responseValidation.StaticResponseValidation"/>
</testsuite> <!-- responseValidation.StaticResponseValidation -->
