<?xml version="1.0" encoding="UTF-8"?>
<!-- Generated by org.testng.reporters.JUnitReportReporter -->
<testsuite skipped="0" hostname="DESKTOP-6IDIIBT" name="requestChaining.CreateProjectAndDelete" tests="1" failures="0" timestamp="21 Apr 2022 10:30:16 GMT" time="5.564" errors="0">
  <testcase name="createAndDeleteProject" time="5.564" classname="requestChaining.CreateProjectAndDelete"/>
</testsuite> <!-- requestChaining.CreateProjectAndDelete -->
