<?xml version="1.0" encoding="UTF-8"?>
<!-- Generated by org.testng.reporters.JUnitReportReporter -->
<testsuite skipped="0" hostname="DESKTOP-6IDIIBT" name="responseValidation.StaticResponseGetProject" tests="1" failures="0" timestamp="21 Apr 2022 06:18:34 GMT" time="5.290" errors="0">
  <testcase name="staticResponseGet" time="5.290" classname="responseValidation.StaticResponseGetProject"/>
</testsuite> <!-- responseValidation.StaticResponseGetProject -->
