<?xml version="1.0" encoding="UTF-8"?>
<!-- Generated by org.testng.reporters.JUnitReportReporter -->
<testsuite skipped="0" hostname="DESKTOP-6IDIIBT" name="CrudOperationWidBDD.GetSingleProjectTest" tests="1" failures="0" timestamp="20 Apr 2022 09:33:24 GMT" time="3.433" errors="0">
  <testcase name="getSingleProjectTest" time="3.433" classname="CrudOperationWidBDD.GetSingleProjectTest"/>
</testsuite> <!-- CrudOperationWidBDD.GetSingleProjectTest -->
