<?xml version="1.0" encoding="UTF-8"?>
<!-- Generated by org.testng.reporters.JUnitReportReporter -->
<testsuite skipped="0" hostname="DESKTOP-6IDIIBT" name="responseValidation.DynamicResponseGet" tests="1" failures="0" timestamp="21 Apr 2022 06:43:33 GMT" time="4.961" errors="0">
  <testcase name="dynamicResponseGet" time="4.961" classname="responseValidation.DynamicResponseGet"/>
</testsuite> <!-- responseValidation.DynamicResponseGet -->
