<?xml version="1.0" encoding="UTF-8"?>
<!-- Generated by org.testng.reporters.JUnitReportReporter -->
<testsuite skipped="0" hostname="DESKTOP-6IDIIBT" name="differentWaysToPOST.CreateProjectUsingJSONObject" tests="1" failures="0" timestamp="20 Apr 2022 10:45:57 GMT" time="4.449" errors="0">
  <testcase name="createProjectTest" time="4.449" classname="differentWaysToPOST.CreateProjectUsingJSONObject"/>
</testsuite> <!-- differentWaysToPOST.CreateProjectUsingJSONObject -->
