<?xml version="1.0" encoding="UTF-8"?>
<!-- Generated by org.testng.reporters.JUnitReportReporter -->
<testsuite skipped="0" hostname="DESKTOP-6IDIIBT" name="parameters.QueryParameter" tests="1" failures="0" timestamp="21 Apr 2022 08:42:14 GMT" time="5.130" errors="0">
  <testcase name="queryParameter" time="5.130" classname="parameters.QueryParameter"/>
</testsuite> <!-- parameters.QueryParameter -->
