<?xml version="1.0" encoding="UTF-8"?>
<!-- Generated by org.testng.reporters.JUnitReportReporter -->
<testsuite skipped="0" hostname="DESKTOP-6IDIIBT" name="requestChaining.CreateProjectAndGetProject" tests="1" failures="0" timestamp="21 Apr 2022 10:18:11 GMT" time="8.375" errors="0">
  <testcase name="requestChaining1" time="8.375" classname="requestChaining.CreateProjectAndGetProject"/>
</testsuite> <!-- requestChaining.CreateProjectAndGetProject -->
